<?xml version="1.0" encoding="UTF-8"?>
<!-- Generated by org.testng.reporters.JUnitReportReporter -->
<testsuite hostname="cristophercardenas" failures="0" tests="1" name="TestNGExample" time="12.165" errors="0" timestamp="2022-05-16T21:42:33 ECT" skipped="0">
  <testcase classname="TestNGExample" name="f" time="12.165"/>
  <system-out/>
</testsuite> <!-- TestNGExample -->
